Running Gradle task 'assembleRelease'...                        
lib/features/profile/screens/profile_screen.dart:157:72: Error: Member not found: 'dashed'.
          border: Border.all(color: Colors.white24, style: BorderStyle.dashed),
                                                                       ^^^^^^
Target kernel_snapshot_program failed: Exception


FAILURE: Build failed with an exception.

* What went wrong:
Execution failed for task ':app:compileFlutterBuildRelease'.
> Process 'command 'C:\FlutterVersions\flutter\bin\flutter.bat'' finished with non-zero exit value 1

* Try:
> Run with --stacktrace option to get the stack trace.
> Run with --info or --debug option to get more log output.
> Run with --scan to get full insights.
> Get more help at https://help.gradle.org.

BUILD FAILED in 49s
Running Gradle task 'assembleRelease'...                           50.7s
Gradle task assembleRelease failed with exit code 1
